0 info it worked if it ends with ok
1 verbose cli [ '/usr/bin/nodejs', '/usr/bin/npm', 'run', 'test' ]
2 info using npm@3.10.3
3 info using node@v6.7.0
4 verbose run-script [ 'pretest', 'test', 'posttest' ]
5 info lifecycle vue-google-maps@0.1.21~pretest: vue-google-maps@0.1.21
6 silly lifecycle vue-google-maps@0.1.21~pretest: no script for pretest, continuing
7 info lifecycle vue-google-maps@0.1.21~test: vue-google-maps@0.1.21
8 verbose lifecycle vue-google-maps@0.1.21~test: unsafe-perm in lifecycle true
9 verbose lifecycle vue-google-maps@0.1.21~test: PATH: /usr/lib/node_modules/npm/bin/node-gyp-bin:/mnt/c/Users/Daniel/Desktop/vue-google-maps/node_modules/.bin:/usr/bin:/usr/local/bin:/usr/bin:/bin:/usr/local/games:/usr/games
10 verbose lifecycle vue-google-maps@0.1.21~test: CWD: /mnt/c/Users/Daniel/Desktop/vue-google-maps
11 silly lifecycle vue-google-maps@0.1.21~test: Args: [ '-c', 'lab -T node_modules/lab-babel -t 100 -S test' ]
12 silly lifecycle vue-google-maps@0.1.21~test: Returned: code: 1  signal: null
13 info lifecycle vue-google-maps@0.1.21~test: Failed to exec test script
14 verbose stack Error: vue-google-maps@0.1.21 test: `lab -T node_modules/lab-babel -t 100 -S test`
14 verbose stack Exit status 1
14 verbose stack     at EventEmitter.<anonymous> (/usr/lib/node_modules/npm/lib/utils/lifecycle.js:242:16)
14 verbose stack     at emitTwo (events.js:106:13)
14 verbose stack     at EventEmitter.emit (events.js:191:7)
14 verbose stack     at ChildProcess.<anonymous> (/usr/lib/node_modules/npm/lib/utils/spawn.js:40:14)
14 verbose stack     at emitTwo (events.js:106:13)
14 verbose stack     at ChildProcess.emit (events.js:191:7)
14 verbose stack     at maybeClose (internal/child_process.js:877:16)
14 verbose stack     at Process.ChildProcess._handle.onexit (internal/child_process.js:226:5)
15 verbose pkgid vue-google-maps@0.1.21
16 verbose cwd /mnt/c/Users/Daniel/Desktop/vue-google-maps/src/components
17 error Linux 3.4.0+
18 error argv "/usr/bin/nodejs" "/usr/bin/npm" "run" "test"
19 error node v6.7.0
20 error npm  v3.10.3
21 error code ELIFECYCLE
22 error vue-google-maps@0.1.21 test: `lab -T node_modules/lab-babel -t 100 -S test`
22 error Exit status 1
23 error Failed at the vue-google-maps@0.1.21 test script 'lab -T node_modules/lab-babel -t 100 -S test'.
23 error Make sure you have the latest version of node.js and npm installed.
23 error If you do, this is most likely a problem with the vue-google-maps package,
23 error not with npm itself.
23 error Tell the author that this fails on your system:
23 error     lab -T node_modules/lab-babel -t 100 -S test
23 error You can get information on how to open an issue for this project with:
23 error     npm bugs vue-google-maps
23 error Or if that isn't available, you can get their info via:
23 error     npm owner ls vue-google-maps
23 error There is likely additional logging output above.
24 verbose exit [ 1, true ]
